2026-05-12 11:47:13 | INFO | Initialized feature engineering run_id=20260512T034713Z
2026-05-12 11:47:13 | INFO | Logs will be written to /Users/zhoutianlian/Documents/MyGitHub/WTRCodeHub/BTC-LPTM-FeatureEngineering/liq_dataflow/logs/runs/20260512T034713Z
2026-05-12 11:47:13 | INFO | Starting BTC liquidation feature engineering pipeline.
2026-05-12 11:47:13 | INFO | ================ INPUT ================
2026-05-12 11:47:13 | INFO | CSV input summary
2026-05-12 11:47:13 | INFO |   - path: /Users/zhoutianlian/Documents/MyGitHub/WTRCodeHub/BTC-LPTM-FeatureEngineering/liq_data_download/data/raw/hourly/BTC_price_lld.csv
2026-05-12 11:47:13 | INFO |   - rows: 46227
2026-05-12 11:47:13 | INFO |   - start_time: 2021-02-01 00:00:00
2026-05-12 11:47:13 | INFO |   - latest_time: 2026-05-12 02:00:00
2026-05-12 11:47:13 | INFO |   - missing_bars: 0
2026-05-12 11:47:13 | INFO |   - missing_ratio_pct: 0.0
2026-05-12 11:47:13 | INFO |   - columns: time, price, futures_long_liquidations, futures_short_liquidations
2026-05-12 11:47:13 | INFO | Loaded input CSV from /Users/zhoutianlian/Documents/MyGitHub/WTRCodeHub/BTC-LPTM-FeatureEngineering/liq_data_download/data/raw/hourly/BTC_price_lld.csv
2026-05-12 11:47:13 | INFO | Dataframe summary | input_data::csv
2026-05-12 11:47:13 | INFO |   - rows: 46227
2026-05-12 11:47:13 | INFO |   - columns: 4
2026-05-12 11:47:13 | INFO |   - col_names: time, price, futures_long_liquidations, futures_short_liquidations
2026-05-12 11:47:13 | INFO |   - start_time: 2021-02-01 00:00:00
2026-05-12 11:47:13 | INFO |   - latest_time: 2026-05-12 02:00:00
2026-05-12 11:47:13 | INFO |   - missing_time: 0
2026-05-12 11:47:13 | INFO |   - price_min: 15611.740149166488
2026-05-12 11:47:13 | INFO |   - price_max: 126064.156643407
2026-05-12 11:47:13 | INFO |   - price_na: 0
2026-05-12 11:47:13 | INFO |   - futures_long_liquidations_min: 0.0
2026-05-12 11:47:13 | INFO |   - futures_long_liquidations_max: 23069.297704482193
2026-05-12 11:47:13 | INFO |   - futures_long_liquidations_na: 0
2026-05-12 11:47:13 | INFO |   - futures_short_liquidations_min: 0.0
2026-05-12 11:47:13 | INFO |   - futures_short_liquidations_max: 4017.547555502496
2026-05-12 11:47:13 | INFO |   - futures_short_liquidations_na: 0
2026-05-12 11:47:13 | INFO | Stage completed | load_input_data | elapsed_sec=0.0366
2026-05-12 11:47:13 | INFO | ================ PREPROCESS ================
2026-05-12 11:47:13 | INFO | Preprocessing liquidation input frame | detected_input_type=raw_hourly
2026-05-12 11:47:14 | INFO | Saved clean frame to /Users/zhoutianlian/Documents/MyGitHub/WTRCodeHub/BTC-LPTM-FeatureEngineering/liq_dataflow/data/clean/clean_data.csv
2026-05-12 11:47:14 | INFO | Dataframe summary | clean
2026-05-12 11:47:14 | INFO |   - rows: 46227
2026-05-12 11:47:14 | INFO |   - columns: 9
2026-05-12 11:47:14 | INFO |   - col_names: time, price, fll_normal, fsl_normal, total_ls_normal, diff_ls_normal, lld_normal, diff_dom_ls_normal, liq_active_raw
2026-05-12 11:47:14 | INFO |   - start_time: 2021-02-01 00:00:00
2026-05-12 11:47:14 | INFO |   - latest_time: 2026-05-12 02:00:00
2026-05-12 11:47:14 | INFO |   - missing_time: 0
2026-05-12 11:47:14 | INFO |   - price_min: 15611.740149166488
2026-05-12 11:47:14 | INFO |   - price_max: 126064.156643407
2026-05-12 11:47:14 | INFO |   - price_na: 0
2026-05-12 11:47:14 | INFO |   - fll_normal_min: 0.0
2026-05-12 11:47:14 | INFO |   - fll_normal_max: 387.54945397807944
2026-05-12 11:47:14 | INFO |   - fll_normal_na: 0
2026-05-12 11:47:14 | INFO |   - fsl_normal_min: 0.0
2026-05-12 11:47:14 | INFO |   - fsl_normal_max: 340.2159736830903
2026-05-12 11:47:14 | INFO |   - fsl_normal_na: 0
2026-05-12 11:47:14 | INFO |   - total_ls_normal_min: 0.0
2026-05-12 11:47:14 | INFO |   - total_ls_normal_max: 506.55078275273024
2026-05-12 11:47:14 | INFO |   - total_ls_normal_na: 0
2026-05-12 11:47:14 | INFO | Stage completed | preprocess | elapsed_sec=0.3505
2026-05-12 11:47:14 | INFO | ================ CANONICAL FAMILY ================
2026-05-12 11:47:14 | INFO | Smoothing fll_normal -> fll_cwt_kf | cache=/Users/zhoutianlian/Documents/MyGitHub/WTRCodeHub/BTC-LPTM-FeatureEngineering/liq_dataflow/data/cache/fll_cwt.csv | latest_cached_time=2026-05-11 00:00:00
2026-05-12 11:47:16 | INFO | Dataframe summary | fll_cwt_kf
2026-05-12 11:47:16 | INFO |   - rows: 45509
2026-05-12 11:47:16 | INFO |   - columns: 2
2026-05-12 11:47:16 | INFO |   - col_names: time, fll_cwt_kf
2026-05-12 11:47:16 | INFO |   - start_time: 2021-02-01 01:00:00
2026-05-12 11:47:16 | INFO |   - latest_time: 2026-05-12 02:00:00
2026-05-12 11:47:16 | INFO |   - missing_time: 0
2026-05-12 11:47:16 | INFO |   - fll_cwt_kf_min: 0.5733510763674532
2026-05-12 11:47:16 | INFO |   - fll_cwt_kf_max: 24.595199421106354
2026-05-12 11:47:16 | INFO |   - fll_cwt_kf_na: 0
2026-05-12 11:47:17 | INFO | Smoothing fsl_normal -> fsl_cwt_kf | cache=/Users/zhoutianlian/Documents/MyGitHub/WTRCodeHub/BTC-LPTM-FeatureEngineering/liq_dataflow/data/cache/fsl_cwt.csv | latest_cached_time=2026-05-11 00:00:00
2026-05-12 11:47:19 | INFO | Dataframe summary | fsl_cwt_kf
2026-05-12 11:47:19 | INFO |   - rows: 45509
2026-05-12 11:47:19 | INFO |   - columns: 2
2026-05-12 11:47:19 | INFO |   - col_names: time, fsl_cwt_kf
2026-05-12 11:47:19 | INFO |   - start_time: 2021-02-01 01:00:00
2026-05-12 11:47:19 | INFO |   - latest_time: 2026-05-12 02:00:00
2026-05-12 11:47:19 | INFO |   - missing_time: 0
2026-05-12 11:47:19 | INFO |   - fsl_cwt_kf_min: 0.47654435231124537
2026-05-12 11:47:19 | INFO |   - fsl_cwt_kf_max: 21.189615946523258
2026-05-12 11:47:19 | INFO |   - fsl_cwt_kf_na: 0
2026-05-12 11:47:19 | INFO | Saved canonical liquidation family to /Users/zhoutianlian/Documents/MyGitHub/WTRCodeHub/BTC-LPTM-FeatureEngineering/liq_dataflow/data/features/features_rpn.csv
2026-05-12 11:47:19 | INFO | Dataframe summary | canonical
2026-05-12 11:47:19 | INFO |   - rows: 45509
2026-05-12 11:47:19 | INFO |   - columns: 14
2026-05-12 11:47:19 | INFO |   - col_names: time, price, liq_active_raw, fll_cwt_kf, fsl_cwt_kf, risk_priority_number, lld_cwt_kf_smooth, diff_ls_cwt_kf, diff_ls_smooth, total_ls_cwt_kf, diff_dom_ls_cwt_kf, corr_case ...
2026-05-12 11:47:19 | INFO |   - start_time: 2021-02-01 01:00:00
2026-05-12 11:47:19 | INFO |   - latest_time: 2026-05-12 02:00:00
2026-05-12 11:47:19 | INFO |   - missing_time: 0
2026-05-12 11:47:19 | INFO |   - fll_cwt_kf_min: 0.5733510763674532
2026-05-12 11:47:19 | INFO |   - fll_cwt_kf_max: 24.595199421106354
2026-05-12 11:47:19 | INFO |   - fll_cwt_kf_na: 0
2026-05-12 11:47:19 | INFO |   - fsl_cwt_kf_min: 0.47654435231124537
2026-05-12 11:47:19 | INFO |   - fsl_cwt_kf_max: 21.189615946523258
2026-05-12 11:47:19 | INFO |   - fsl_cwt_kf_na: 0
2026-05-12 11:47:19 | INFO |   - total_ls_cwt_kf_min: 1.0498954286786986
2026-05-12 11:47:19 | INFO |   - total_ls_cwt_kf_max: 44.84558558838524
2026-05-12 11:47:19 | INFO |   - total_ls_cwt_kf_na: 0
2026-05-12 11:47:19 | INFO |   - risk_priority_number_min: 0.21217955415745327
2026-05-12 11:47:19 | INFO |   - risk_priority_number_max: 0.8534669414996512
2026-05-12 11:47:19 | INFO |   - risk_priority_number_na: 0
2026-05-12 11:47:19 | INFO | Stage completed | canonical | elapsed_sec=5.7603
2026-05-12 11:47:19 | INFO | ================ BINNING ================
2026-05-12 11:47:22 | INFO | Binning summary
2026-05-12 11:47:22 | INFO |   - latest_bin: 0
2026-05-12 11:47:22 | INFO |   - bin_counts: {0: 8242, 1: 5331, 2: 4016, 3: 3663, 4: 3625, 5: 4031, 6: 4377, 7: 4847, 8: 7377}
2026-05-12 11:47:23 | INFO | Dominance summary
2026-05-12 11:47:23 | INFO |   - dominance_counts: {-1: 8423, 0: 27397, 1: 9689}
2026-05-12 11:47:23 | INFO |   - hit_ceiling_bottom_events: 386
2026-05-12 11:47:23 | INFO |   - reverse_ceiling_bottom_events: 64
2026-05-12 11:47:23 | INFO | Stage completed | dominance | elapsed_sec=3.5046
2026-05-12 11:47:23 | INFO | ================ FINAL FEATURES ================
2026-05-12 11:47:23 | INFO | Saved merged liq_dataflow feature export to /Users/zhoutianlian/Documents/MyGitHub/WTRCodeHub/BTC-LPTM-FeatureEngineering/liq_dataflow/data/features/features_liq_dataflow.csv
2026-05-12 11:47:23 | INFO | Final feature summary
2026-05-12 11:47:23 | INFO |   - fll_cwt_kf: 2.1198222622960223
2026-05-12 11:47:23 | INFO |   - fsl_cwt_kf: 3.317931434550611
2026-05-12 11:47:23 | INFO |   - diff_ls_cwt_kf: -1.1981091722545885
2026-05-12 11:47:23 | INFO |   - total_ls_cwt_kf: 5.437753696846633
2026-05-12 11:47:23 | INFO |   - risk_priority_number: 0.389834181626307
2026-05-12 11:47:23 | INFO |   - bin_index: 0
2026-05-12 11:47:23 | INFO |   - dominance: 1
2026-05-12 11:47:23 | INFO |   - diff_dom_ls_cwt_kf: -0.2203316367472022
2026-05-12 11:47:23 | INFO |   - z_logTotalP: 0.37886454822595195
2026-05-12 11:47:23 | INFO |   - z_sdom: -4.092044926236718
2026-05-12 11:47:23 | INFO |   - z_fll_cwt_kf: -1.576698445065794
2026-05-12 11:47:23 | INFO |   - z_fsl_cwt_kf: 1.6989847881469007
2026-05-12 11:47:23 | INFO |   - z_logTotalP_nan_pct: 0.0835
2026-05-12 11:47:23 | INFO |   - z_sdom_nan_pct: 0.0835
2026-05-12 11:47:23 | INFO |   - z_fll_cwt_kf_nan_pct: 0.0835
2026-05-12 11:47:23 | INFO |   - z_fsl_cwt_kf_nan_pct: 0.0835
2026-05-12 11:47:24 | INFO | Saved feature store to /Users/zhoutianlian/Documents/MyGitHub/WTRCodeHub/BTC-LPTM-FeatureEngineering/liq_dataflow/data/features/feature_store.csv
2026-05-12 11:47:24 | INFO | Dataframe summary | feature_store
2026-05-12 11:47:24 | INFO |   - rows: 45509
2026-05-12 11:47:24 | INFO |   - columns: 49
2026-05-12 11:47:24 | INFO |   - col_names: time, price, fll_normal, fsl_normal, total_ls_normal, diff_ls_normal, lld_normal, diff_dom_ls_normal, liq_active_raw, fll_cwt_kf, fsl_cwt_kf, risk_priority_number ...
2026-05-12 11:47:24 | INFO |   - start_time: 2021-02-01 01:00:00
2026-05-12 11:47:24 | INFO |   - latest_time: 2026-05-12 02:00:00
2026-05-12 11:47:24 | INFO |   - missing_time: 0
2026-05-12 11:47:24 | INFO | Stage completed | final_features_and_store | elapsed_sec=1.1599
2026-05-12 11:47:24 | INFO | ================ VISUALIZATION ================
2026-05-12 11:47:24 | INFO | Generating specialized dashboards.
2026-05-12 11:47:37 | INFO | Generating feature portal pages.
2026-05-12 11:47:39 | INFO | Visualization artifacts written under /Users/zhoutianlian/Documents/MyGitHub/WTRCodeHub/BTC-LPTM-FeatureEngineering/liq_dataflow/data/report
2026-05-12 11:47:39 | INFO | Stage completed | visualization | elapsed_sec=15.3269
2026-05-12 11:47:39 | INFO | Stage completed | validation | elapsed_sec=0.0066
