2026-04-29 17:05:09 | INFO | ================ DOWNLOAD CONFIG ================
2026-04-29 17:05:09 | INFO | Project
2026-04-29 17:05:09 | INFO |   - project_name: BTC Glassnode Raw Data Download
2026-04-29 17:05:09 | INFO |   - base_url: https://api.glassnode.com/v1
2026-04-29 17:05:09 | INFO |   - requests_per_minute: 10
2026-04-29 17:05:09 | INFO |   - api_key_present: True
2026-04-29 17:05:09 | INFO |   - datasets_configured: 3
2026-04-29 17:05:09 | INFO | ================ DATASET | btc_ohlc_10m ================
2026-04-29 17:05:09 | INFO | Dataset spec
2026-04-29 17:05:09 | INFO |   - asset: BTC
2026-04-29 17:05:09 | INFO |   - interval: 10m
2026-04-29 17:05:09 | INFO |   - output_csv: data/raw/intraday/ohlc.csv
2026-04-29 17:05:09 | INFO |   - join: inner
2026-04-29 17:05:09 | INFO |   - start_time: 2021-02-01T00:00:00Z
2026-04-29 17:05:09 | INFO |   - lookback_days: None
2026-04-29 17:05:09 | INFO |   - metrics: open, high, low, close
2026-04-29 17:05:09 | INFO | Requesting Glassnode endpoint=metrics/market/price_usd_ohlc params={'a': 'BTC', 'i': '10m', 'u': 1777453509, 'timestamp_format': 'unix', 's': 1612137600, 'api_key': '***'}
2026-04-29 17:05:23 | INFO | Received endpoint=metrics/market/price_usd_ohlc rows=275,526
2026-04-29 17:05:23 | INFO | Metric download summary | btc_ohlc_10m::ohlc
2026-04-29 17:05:23 | INFO |   - dataset: btc_ohlc_10m
2026-04-29 17:05:23 | INFO |   - metric: ohlc
2026-04-29 17:05:23 | INFO |   - columns: open, high, low, close
2026-04-29 17:05:23 | INFO |   - endpoint: metrics/market/price_usd_ohlc
2026-04-29 17:05:23 | INFO |   - rows: 275526
2026-04-29 17:05:23 | INFO |   - start_time: 2021-02-01 00:00:00
2026-04-29 17:05:23 | INFO |   - latest_time: 2026-04-29 08:50:00
2026-04-29 17:05:23 | INFO |   - missing_bars: 0
2026-04-29 17:05:23 | INFO |   - missing_ratio_pct: 0.0
2026-04-29 17:05:23 | INFO |   - stale_hours: 0.257
2026-04-29 17:05:24 | INFO | Saved dataset btc_ohlc_10m -> /Users/zhoutianlian/Documents/MyGitHub/WTRCodeHub/BTC-LPTM-FeatureEngineering/liq_data_download/data/raw/intraday/ohlc.csv
2026-04-29 17:05:24 | INFO | Saved metric health report -> /Users/zhoutianlian/Documents/MyGitHub/WTRCodeHub/BTC-LPTM-FeatureEngineering/liq_data_download/data/manifests/btc_ohlc_10m_metric_health.csv
2026-04-29 17:05:24 | INFO | Raw data download pipeline completed successfully.
