2026-05-12 11:35:19 | INFO | ================ DOWNLOAD CONFIG ================
2026-05-12 11:35:19 | INFO | Project
2026-05-12 11:35:19 | INFO |   - project_name: BTC Glassnode Raw Data Download
2026-05-12 11:35:19 | INFO |   - base_url: https://api.glassnode.com/v1
2026-05-12 11:35:19 | INFO |   - requests_per_minute: 10
2026-05-12 11:35:19 | INFO |   - api_key_present: True
2026-05-12 11:35:19 | INFO |   - datasets_configured: 3
2026-05-12 11:35:19 | INFO | ================ DATASET | hourly_liquidation_bundle ================
2026-05-12 11:35:19 | INFO | Dataset spec
2026-05-12 11:35:19 | INFO |   - asset: BTC
2026-05-12 11:35:19 | INFO |   - interval: 1h
2026-05-12 11:35:19 | INFO |   - output_csv: data/raw/hourly/BTC_price_lld.csv
2026-05-12 11:35:19 | INFO |   - join: inner
2026-05-12 11:35:19 | INFO |   - start_time: 2021-02-01T00:00:00Z
2026-05-12 11:35:19 | INFO |   - lookback_days: None
2026-05-12 11:35:19 | INFO |   - metrics: price, futures_long_liquidations, futures_short_liquidations
2026-05-12 11:35:19 | INFO | Requesting Glassnode endpoint=metrics/market/price_usd_close params={'a': 'BTC', 'i': '1h', 'u': 1778556919, 'timestamp_format': 'unix', 's': 1612137600, 'api_key': '***'}
2026-05-12 11:35:24 | ERROR | Download pipeline failed: Glassnode request failed endpoint=metrics/market/price_usd_close error=SSLError: HTTPSConnectionPool(host='api.glassnode.com', port=443): Max retries exceeded with url: /v1/metrics/market/price_usd_close?a=BTC&i=1h&u=1778556919&timestamp_format=unix&s=1612137600&api_key=*** (Caused by SSLError(SSLEOFError(8, '[SSL: UNEXPECTED_EOF_WHILE_READING] EOF occurred in violation of protocol (_ssl.c:1006)'))) url=https://api.glassnode.com/v1/metrics/market/price_usd_close?a=BTC&i=1h&u=1778556919&timestamp_format=unix&s=1612137600&api_key=***
2026-05-12 11:35:24 | ERROR | Traceback (most recent call last):
  File "/Users/zhoutianlian/Documents/MyGitHub/WTRCodeHub/BTC-LPTM-FeatureEngineering/liq_data_download/pipeline.py", line 210, in run
    frame, meta = self._download_dataset(dataset)
                  ^^^^^^^^^^^^^^^^^^^^^^^^^^^^^^^
  File "/Users/zhoutianlian/Documents/MyGitHub/WTRCodeHub/BTC-LPTM-FeatureEngineering/liq_data_download/pipeline.py", line 69, in _download_dataset
    frame = self.client.get_series(metric.endpoint, params, value_name=metric.value_name, value_fields=metric.value_fields)
            ^^^^^^^^^^^^^^^^^^^^^^^^^^^^^^^^^^^^^^^^^^^^^^^^^^^^^^^^^^^^^^^^^^^^^^^^^^^^^^^^^^^^^^^^^^^^^^^^^^^^^^^^^^^^^^^
  File "/Users/zhoutianlian/Documents/MyGitHub/WTRCodeHub/BTC-LPTM-FeatureEngineering/liq_data_download/glassnode_client.py", line 92, in get_series
    payload = self.request_json(endpoint, params)
              ^^^^^^^^^^^^^^^^^^^^^^^^^^^^^^^^^^^
  File "/Users/zhoutianlian/Documents/MyGitHub/WTRCodeHub/BTC-LPTM-FeatureEngineering/liq_data_download/glassnode_client.py", line 69, in request_json
    raise DataDownloadError(
liq_data_download.glassnode_client.DataDownloadError: Glassnode request failed endpoint=metrics/market/price_usd_close error=SSLError: HTTPSConnectionPool(host='api.glassnode.com', port=443): Max retries exceeded with url: /v1/metrics/market/price_usd_close?a=BTC&i=1h&u=1778556919&timestamp_format=unix&s=1612137600&api_key=*** (Caused by SSLError(SSLEOFError(8, '[SSL: UNEXPECTED_EOF_WHILE_READING] EOF occurred in violation of protocol (_ssl.c:1006)'))) url=https://api.glassnode.com/v1/metrics/market/price_usd_close?a=BTC&i=1h&u=1778556919&timestamp_format=unix&s=1612137600&api_key=***

