2026-05-06 14:26:43 | INFO | ================ DOWNLOAD CONFIG ================
2026-05-06 14:26:43 | INFO | Project
2026-05-06 14:26:43 | INFO |   - project_name: BTC Glassnode Raw Data Download
2026-05-06 14:26:43 | INFO |   - base_url: https://api.glassnode.com/v1
2026-05-06 14:26:43 | INFO |   - requests_per_minute: 10
2026-05-06 14:26:43 | INFO |   - api_key_present: True
2026-05-06 14:26:43 | INFO |   - datasets_configured: 3
2026-05-06 14:26:43 | INFO | ================ DATASET | hourly_liquidation_bundle ================
2026-05-06 14:26:43 | INFO | Dataset spec
2026-05-06 14:26:43 | INFO |   - asset: BTC
2026-05-06 14:26:43 | INFO |   - interval: 1h
2026-05-06 14:26:43 | INFO |   - output_csv: data/raw/hourly/BTC_price_lld.csv
2026-05-06 14:26:43 | INFO |   - join: inner
2026-05-06 14:26:43 | INFO |   - start_time: 2021-02-01T00:00:00Z
2026-05-06 14:26:43 | INFO |   - lookback_days: None
2026-05-06 14:26:43 | INFO |   - metrics: price, futures_long_liquidations, futures_short_liquidations
2026-05-06 14:26:43 | INFO | Requesting Glassnode endpoint=metrics/market/price_usd_close params={'a': 'BTC', 'i': '1h', 'u': 1778048803, 'timestamp_format': 'unix', 's': 1612137600, 'api_key': '***'}
2026-05-06 14:26:49 | INFO | Received endpoint=metrics/market/price_usd_close rows=46,086
2026-05-06 14:26:49 | INFO | Metric download summary | hourly_liquidation_bundle::price
2026-05-06 14:26:49 | INFO |   - dataset: hourly_liquidation_bundle
2026-05-06 14:26:49 | INFO |   - metric: price
2026-05-06 14:26:49 | INFO |   - columns: price
2026-05-06 14:26:49 | INFO |   - endpoint: metrics/market/price_usd_close
2026-05-06 14:26:49 | INFO |   - rows: 46086
2026-05-06 14:26:49 | INFO |   - start_time: 2021-02-01 00:00:00
2026-05-06 14:26:49 | INFO |   - latest_time: 2026-05-06 05:00:00
2026-05-06 14:26:49 | INFO |   - missing_bars: 0
2026-05-06 14:26:49 | INFO |   - missing_ratio_pct: 0.0
2026-05-06 14:26:49 | INFO |   - stale_hours: 1.447
2026-05-06 14:26:49 | INFO | Requesting Glassnode endpoint=metrics/derivatives/futures_liquidated_volume_long_sum params={'a': 'BTC', 'i': '1h', 'u': 1778048803, 'timestamp_format': 'unix', 's': 1612137600, 'api_key': '***'}
2026-05-06 14:27:00 | INFO | Received endpoint=metrics/derivatives/futures_liquidated_volume_long_sum rows=46,086
2026-05-06 14:27:00 | INFO | Metric download summary | hourly_liquidation_bundle::futures_long_liquidations
2026-05-06 14:27:00 | INFO |   - dataset: hourly_liquidation_bundle
2026-05-06 14:27:00 | INFO |   - metric: futures_long_liquidations
2026-05-06 14:27:00 | INFO |   - columns: futures_long_liquidations
2026-05-06 14:27:00 | INFO |   - endpoint: metrics/derivatives/futures_liquidated_volume_long_sum
2026-05-06 14:27:00 | INFO |   - rows: 46086
2026-05-06 14:27:00 | INFO |   - start_time: 2021-02-01 00:00:00
2026-05-06 14:27:00 | INFO |   - latest_time: 2026-05-06 05:00:00
2026-05-06 14:27:00 | INFO |   - missing_bars: 0
2026-05-06 14:27:00 | INFO |   - missing_ratio_pct: 0.0
2026-05-06 14:27:00 | INFO |   - stale_hours: 1.45
2026-05-06 14:27:00 | INFO | Requesting Glassnode endpoint=metrics/derivatives/futures_liquidated_volume_short_sum params={'a': 'BTC', 'i': '1h', 'u': 1778048803, 'timestamp_format': 'unix', 's': 1612137600, 'api_key': '***'}
2026-05-06 14:27:08 | INFO | Received endpoint=metrics/derivatives/futures_liquidated_volume_short_sum rows=46,086
2026-05-06 14:27:08 | INFO | Metric download summary | hourly_liquidation_bundle::futures_short_liquidations
2026-05-06 14:27:08 | INFO |   - dataset: hourly_liquidation_bundle
2026-05-06 14:27:08 | INFO |   - metric: futures_short_liquidations
2026-05-06 14:27:08 | INFO |   - columns: futures_short_liquidations
2026-05-06 14:27:08 | INFO |   - endpoint: metrics/derivatives/futures_liquidated_volume_short_sum
2026-05-06 14:27:08 | INFO |   - rows: 46086
2026-05-06 14:27:08 | INFO |   - start_time: 2021-02-01 00:00:00
2026-05-06 14:27:08 | INFO |   - latest_time: 2026-05-06 05:00:00
2026-05-06 14:27:08 | INFO |   - missing_bars: 0
2026-05-06 14:27:08 | INFO |   - missing_ratio_pct: 0.0
2026-05-06 14:27:08 | INFO |   - stale_hours: 1.452
2026-05-06 14:27:08 | INFO | Saved dataset hourly_liquidation_bundle -> /Users/zhoutianlian/Documents/MyGitHub/WTRCodeHub/BTC-LPTM-FeatureEngineering/liq_data_download/data/raw/hourly/BTC_price_lld.csv
2026-05-06 14:27:08 | INFO | Saved metric health report -> /Users/zhoutianlian/Documents/MyGitHub/WTRCodeHub/BTC-LPTM-FeatureEngineering/liq_data_download/data/manifests/hourly_liquidation_bundle_metric_health.csv
2026-05-06 14:27:08 | INFO | ================ DATASET | btc_price_10m ================
2026-05-06 14:27:08 | INFO | Dataset spec
2026-05-06 14:27:08 | INFO |   - asset: BTC
2026-05-06 14:27:08 | INFO |   - interval: 10m
2026-05-06 14:27:08 | INFO |   - output_csv: data/raw/intraday/BTC_price_10m.csv
2026-05-06 14:27:08 | INFO |   - join: inner
2026-05-06 14:27:08 | INFO |   - start_time: 2021-02-01T00:00:00Z
2026-05-06 14:27:08 | INFO |   - lookback_days: None
2026-05-06 14:27:08 | INFO |   - metrics: price
2026-05-06 14:27:08 | INFO | Requesting Glassnode endpoint=metrics/market/price_usd_close params={'a': 'BTC', 'i': '10m', 'u': 1778048828, 'timestamp_format': 'unix', 's': 1612137600, 'api_key': '***'}
2026-05-06 14:27:17 | INFO | Received endpoint=metrics/market/price_usd_close rows=276,518
2026-05-06 14:27:18 | INFO | Metric download summary | btc_price_10m::price
2026-05-06 14:27:18 | INFO |   - dataset: btc_price_10m
2026-05-06 14:27:18 | INFO |   - metric: price
2026-05-06 14:27:18 | INFO |   - columns: price
2026-05-06 14:27:18 | INFO |   - endpoint: metrics/market/price_usd_close
2026-05-06 14:27:18 | INFO |   - rows: 276518
2026-05-06 14:27:18 | INFO |   - start_time: 2021-02-01 00:00:00
2026-05-06 14:27:18 | INFO |   - latest_time: 2026-05-06 06:10:00
2026-05-06 14:27:18 | INFO |   - missing_bars: 0
2026-05-06 14:27:18 | INFO |   - missing_ratio_pct: 0.0
2026-05-06 14:27:18 | INFO |   - stale_hours: 0.288
2026-05-06 14:27:18 | INFO | Saved dataset btc_price_10m -> /Users/zhoutianlian/Documents/MyGitHub/WTRCodeHub/BTC-LPTM-FeatureEngineering/liq_data_download/data/raw/intraday/BTC_price_10m.csv
2026-05-06 14:27:18 | INFO | Saved metric health report -> /Users/zhoutianlian/Documents/MyGitHub/WTRCodeHub/BTC-LPTM-FeatureEngineering/liq_data_download/data/manifests/btc_price_10m_metric_health.csv
2026-05-06 14:27:18 | INFO | ================ DATASET | btc_ohlc_10m ================
2026-05-06 14:27:18 | INFO | Dataset spec
2026-05-06 14:27:18 | INFO |   - asset: BTC
2026-05-06 14:27:18 | INFO |   - interval: 10m
2026-05-06 14:27:18 | INFO |   - output_csv: data/raw/intraday/ohlc.csv
2026-05-06 14:27:18 | INFO |   - join: inner
2026-05-06 14:27:18 | INFO |   - start_time: 2021-02-01T00:00:00Z
2026-05-06 14:27:18 | INFO |   - lookback_days: None
2026-05-06 14:27:18 | INFO |   - metrics: open, high, low, close
2026-05-06 14:27:18 | INFO | Requesting Glassnode endpoint=metrics/market/price_usd_ohlc params={'a': 'BTC', 'i': '10m', 'u': 1778048838, 'timestamp_format': 'unix', 's': 1612137600, 'api_key': '***'}
2026-05-06 14:27:43 | INFO | Received endpoint=metrics/market/price_usd_ohlc rows=276,518
2026-05-06 14:27:43 | INFO | Metric download summary | btc_ohlc_10m::ohlc
2026-05-06 14:27:43 | INFO |   - dataset: btc_ohlc_10m
2026-05-06 14:27:43 | INFO |   - metric: ohlc
2026-05-06 14:27:43 | INFO |   - columns: open, high, low, close
2026-05-06 14:27:43 | INFO |   - endpoint: metrics/market/price_usd_ohlc
2026-05-06 14:27:43 | INFO |   - rows: 276518
2026-05-06 14:27:43 | INFO |   - start_time: 2021-02-01 00:00:00
2026-05-06 14:27:43 | INFO |   - latest_time: 2026-05-06 06:10:00
2026-05-06 14:27:43 | INFO |   - missing_bars: 0
2026-05-06 14:27:43 | INFO |   - missing_ratio_pct: 0.0
2026-05-06 14:27:43 | INFO |   - stale_hours: 0.296
2026-05-06 14:27:44 | INFO | Saved dataset btc_ohlc_10m -> /Users/zhoutianlian/Documents/MyGitHub/WTRCodeHub/BTC-LPTM-FeatureEngineering/liq_data_download/data/raw/intraday/ohlc.csv
2026-05-06 14:27:44 | INFO | Saved metric health report -> /Users/zhoutianlian/Documents/MyGitHub/WTRCodeHub/BTC-LPTM-FeatureEngineering/liq_data_download/data/manifests/btc_ohlc_10m_metric_health.csv
2026-05-06 14:27:44 | INFO | Raw data download pipeline completed successfully.
