2026-04-29 17:12:07 | INFO | ================ DOWNLOAD CONFIG ================
2026-04-29 17:12:07 | INFO | Project
2026-04-29 17:12:07 | INFO |   - project_name: BTC Glassnode Raw Data Download
2026-04-29 17:12:07 | INFO |   - base_url: https://api.glassnode.com/v1
2026-04-29 17:12:07 | INFO |   - requests_per_minute: 10
2026-04-29 17:12:07 | INFO |   - api_key_present: True
2026-04-29 17:12:07 | INFO |   - datasets_configured: 3
2026-04-29 17:12:07 | INFO | ================ DATASET | hourly_liquidation_bundle ================
2026-04-29 17:12:07 | INFO | Dataset spec
2026-04-29 17:12:07 | INFO |   - asset: BTC
2026-04-29 17:12:07 | INFO |   - interval: 1h
2026-04-29 17:12:07 | INFO |   - output_csv: data/raw/hourly/BTC_price_lld.csv
2026-04-29 17:12:07 | INFO |   - join: inner
2026-04-29 17:12:07 | INFO |   - start_time: 2021-02-01T00:00:00Z
2026-04-29 17:12:07 | INFO |   - lookback_days: None
2026-04-29 17:12:07 | INFO |   - metrics: price, futures_long_liquidations, futures_short_liquidations
2026-04-29 17:12:07 | INFO | Requesting Glassnode endpoint=metrics/market/price_usd_close params={'a': 'BTC', 'i': '1h', 'u': 1777453927, 'timestamp_format': 'unix', 's': 1612137600, 'api_key': '***'}
2026-04-29 17:12:10 | INFO | Received endpoint=metrics/market/price_usd_close rows=45,921
2026-04-29 17:12:10 | INFO | Metric download summary | hourly_liquidation_bundle::price
2026-04-29 17:12:10 | INFO |   - dataset: hourly_liquidation_bundle
2026-04-29 17:12:10 | INFO |   - metric: price
2026-04-29 17:12:10 | INFO |   - columns: price
2026-04-29 17:12:10 | INFO |   - endpoint: metrics/market/price_usd_close
2026-04-29 17:12:10 | INFO |   - rows: 45921
2026-04-29 17:12:10 | INFO |   - start_time: 2021-02-01 00:00:00
2026-04-29 17:12:10 | INFO |   - latest_time: 2026-04-29 08:00:00
2026-04-29 17:12:10 | INFO |   - missing_bars: 0
2026-04-29 17:12:10 | INFO |   - missing_ratio_pct: 0.0
2026-04-29 17:12:10 | INFO |   - stale_hours: 1.203
2026-04-29 17:12:10 | INFO | Requesting Glassnode endpoint=metrics/derivatives/futures_liquidated_volume_long_sum params={'a': 'BTC', 'i': '1h', 'u': 1777453927, 'timestamp_format': 'unix', 's': 1612137600, 'api_key': '***'}
2026-04-29 17:12:18 | INFO | Received endpoint=metrics/derivatives/futures_liquidated_volume_long_sum rows=45,921
2026-04-29 17:12:18 | INFO | Metric download summary | hourly_liquidation_bundle::futures_long_liquidations
2026-04-29 17:12:18 | INFO |   - dataset: hourly_liquidation_bundle
2026-04-29 17:12:18 | INFO |   - metric: futures_long_liquidations
2026-04-29 17:12:18 | INFO |   - columns: futures_long_liquidations
2026-04-29 17:12:18 | INFO |   - endpoint: metrics/derivatives/futures_liquidated_volume_long_sum
2026-04-29 17:12:18 | INFO |   - rows: 45921
2026-04-29 17:12:18 | INFO |   - start_time: 2021-02-01 00:00:00
2026-04-29 17:12:18 | INFO |   - latest_time: 2026-04-29 08:00:00
2026-04-29 17:12:18 | INFO |   - missing_bars: 0
2026-04-29 17:12:18 | INFO |   - missing_ratio_pct: 0.0
2026-04-29 17:12:18 | INFO |   - stale_hours: 1.205
2026-04-29 17:12:18 | INFO | Requesting Glassnode endpoint=metrics/derivatives/futures_liquidated_volume_short_sum params={'a': 'BTC', 'i': '1h', 'u': 1777453927, 'timestamp_format': 'unix', 's': 1612137600, 'api_key': '***'}
2026-04-29 17:12:29 | ERROR | Download pipeline failed: Glassnode request failed endpoint=metrics/derivatives/futures_liquidated_volume_short_sum error=SSLError: HTTPSConnectionPool(host='api.glassnode.com', port=443): Max retries exceeded with url: /v1/metrics/derivatives/futures_liquidated_volume_short_sum?a=BTC&i=1h&u=1777453927&timestamp_format=unix&s=1612137600&api_key=*** (Caused by SSLError(SSLEOFError(8, '[SSL: UNEXPECTED_EOF_WHILE_READING] EOF occurred in violation of protocol (_ssl.c:1006)'))) url=https://api.glassnode.com/v1/metrics/derivatives/futures_liquidated_volume_short_sum?a=BTC&i=1h&u=1777453927&timestamp_format=unix&s=1612137600&api_key=***
2026-04-29 17:12:29 | ERROR | Traceback (most recent call last):
  File "/Users/zhoutianlian/Documents/MyGitHub/WTRCodeHub/BTC-LPTM-FeatureEngineering/liq_data_download/pipeline.py", line 210, in run
    frame, meta = self._download_dataset(dataset)
                  ^^^^^^^^^^^^^^^^^^^^^^^^^^^^^^^
  File "/Users/zhoutianlian/Documents/MyGitHub/WTRCodeHub/BTC-LPTM-FeatureEngineering/liq_data_download/pipeline.py", line 69, in _download_dataset
    frame = self.client.get_series(metric.endpoint, params, value_name=metric.value_name, value_fields=metric.value_fields)
            ^^^^^^^^^^^^^^^^^^^^^^^^^^^^^^^^^^^^^^^^^^^^^^^^^^^^^^^^^^^^^^^^^^^^^^^^^^^^^^^^^^^^^^^^^^^^^^^^^^^^^^^^^^^^^^^
  File "/Users/zhoutianlian/Documents/MyGitHub/WTRCodeHub/BTC-LPTM-FeatureEngineering/liq_data_download/glassnode_client.py", line 92, in get_series
    payload = self.request_json(endpoint, params)
              ^^^^^^^^^^^^^^^^^^^^^^^^^^^^^^^^^^^
  File "/Users/zhoutianlian/Documents/MyGitHub/WTRCodeHub/BTC-LPTM-FeatureEngineering/liq_data_download/glassnode_client.py", line 69, in request_json
    raise DataDownloadError(
liq_data_download.glassnode_client.DataDownloadError: Glassnode request failed endpoint=metrics/derivatives/futures_liquidated_volume_short_sum error=SSLError: HTTPSConnectionPool(host='api.glassnode.com', port=443): Max retries exceeded with url: /v1/metrics/derivatives/futures_liquidated_volume_short_sum?a=BTC&i=1h&u=1777453927&timestamp_format=unix&s=1612137600&api_key=*** (Caused by SSLError(SSLEOFError(8, '[SSL: UNEXPECTED_EOF_WHILE_READING] EOF occurred in violation of protocol (_ssl.c:1006)'))) url=https://api.glassnode.com/v1/metrics/derivatives/futures_liquidated_volume_short_sum?a=BTC&i=1h&u=1777453927&timestamp_format=unix&s=1612137600&api_key=***

