2026-05-10 18:41:22 | INFO | Initialized feature engineering run_id=20260510T104122Z
2026-05-10 18:41:22 | INFO | Logs will be written to /Users/zhoutianlian/Documents/MyGitHub/WTRCodeHub/BTC-LPTM-FeatureEngineering/liq_dataflow/logs/runs/20260510T104122Z
2026-05-10 18:41:22 | INFO | Starting BTC liquidation feature engineering pipeline.
2026-05-10 18:41:22 | INFO | ================ INPUT ================
2026-05-10 18:41:22 | INFO | CSV input summary
2026-05-10 18:41:22 | INFO |   - path: /Users/zhoutianlian/Documents/MyGitHub/WTRCodeHub/BTC-LPTM-FeatureEngineering/liq_data_download/data/raw/hourly/BTC_price_lld.csv
2026-05-10 18:41:22 | INFO |   - rows: 46186
2026-05-10 18:41:22 | INFO |   - start_time: 2021-02-01 00:00:00
2026-05-10 18:41:22 | INFO |   - latest_time: 2026-05-10 09:00:00
2026-05-10 18:41:22 | INFO |   - missing_bars: 0
2026-05-10 18:41:22 | INFO |   - missing_ratio_pct: 0.0
2026-05-10 18:41:22 | INFO |   - columns: time, price, futures_long_liquidations, futures_short_liquidations
2026-05-10 18:41:22 | INFO | Loaded input CSV from /Users/zhoutianlian/Documents/MyGitHub/WTRCodeHub/BTC-LPTM-FeatureEngineering/liq_data_download/data/raw/hourly/BTC_price_lld.csv
2026-05-10 18:41:22 | INFO | Dataframe summary | input_data::csv
2026-05-10 18:41:22 | INFO |   - rows: 46186
2026-05-10 18:41:22 | INFO |   - columns: 4
2026-05-10 18:41:22 | INFO |   - col_names: time, price, futures_long_liquidations, futures_short_liquidations
2026-05-10 18:41:22 | INFO |   - start_time: 2021-02-01 00:00:00
2026-05-10 18:41:22 | INFO |   - latest_time: 2026-05-10 09:00:00
2026-05-10 18:41:22 | INFO |   - missing_time: 0
2026-05-10 18:41:22 | INFO |   - price_min: 15611.740149166488
2026-05-10 18:41:22 | INFO |   - price_max: 126064.156643407
2026-05-10 18:41:22 | INFO |   - price_na: 0
2026-05-10 18:41:22 | INFO |   - futures_long_liquidations_min: 0.0
2026-05-10 18:41:22 | INFO |   - futures_long_liquidations_max: 23069.297704482193
2026-05-10 18:41:22 | INFO |   - futures_long_liquidations_na: 0
2026-05-10 18:41:22 | INFO |   - futures_short_liquidations_min: 0.0
2026-05-10 18:41:22 | INFO |   - futures_short_liquidations_max: 4017.547555502496
2026-05-10 18:41:22 | INFO |   - futures_short_liquidations_na: 0
2026-05-10 18:41:22 | INFO | Stage completed | load_input_data | elapsed_sec=0.0360
2026-05-10 18:41:22 | INFO | ================ PREPROCESS ================
2026-05-10 18:41:22 | INFO | Preprocessing liquidation input frame | detected_input_type=raw_hourly
2026-05-10 18:41:22 | INFO | Saved clean frame to /Users/zhoutianlian/Documents/MyGitHub/WTRCodeHub/BTC-LPTM-FeatureEngineering/liq_dataflow/data/clean/clean_data.csv
2026-05-10 18:41:23 | INFO | Dataframe summary | clean
2026-05-10 18:41:23 | INFO |   - rows: 46186
2026-05-10 18:41:23 | INFO |   - columns: 9
2026-05-10 18:41:23 | INFO |   - col_names: time, price, fll_normal, fsl_normal, total_ls_normal, diff_ls_normal, lld_normal, diff_dom_ls_normal, liq_active_raw
2026-05-10 18:41:23 | INFO |   - start_time: 2021-02-01 00:00:00
2026-05-10 18:41:23 | INFO |   - latest_time: 2026-05-10 09:00:00
2026-05-10 18:41:23 | INFO |   - missing_time: 0
2026-05-10 18:41:23 | INFO |   - price_min: 15611.740149166488
2026-05-10 18:41:23 | INFO |   - price_max: 126064.156643407
2026-05-10 18:41:23 | INFO |   - price_na: 0
2026-05-10 18:41:23 | INFO |   - fll_normal_min: 0.0
2026-05-10 18:41:23 | INFO |   - fll_normal_max: 387.54945397807944
2026-05-10 18:41:23 | INFO |   - fll_normal_na: 0
2026-05-10 18:41:23 | INFO |   - fsl_normal_min: 0.0
2026-05-10 18:41:23 | INFO |   - fsl_normal_max: 340.2159736830903
2026-05-10 18:41:23 | INFO |   - fsl_normal_na: 0
2026-05-10 18:41:23 | INFO |   - total_ls_normal_min: 0.0
2026-05-10 18:41:23 | INFO |   - total_ls_normal_max: 506.55078275273024
2026-05-10 18:41:23 | INFO |   - total_ls_normal_na: 0
2026-05-10 18:41:23 | INFO | Stage completed | preprocess | elapsed_sec=0.2925
2026-05-10 18:41:23 | INFO | ================ CANONICAL FAMILY ================
2026-05-10 18:41:23 | INFO | Smoothing fll_normal -> fll_cwt_kf | cache=/Users/zhoutianlian/Documents/MyGitHub/WTRCodeHub/BTC-LPTM-FeatureEngineering/liq_dataflow/data/cache/fll_cwt.csv | latest_cached_time=2026-05-10 06:00:00
2026-05-10 18:41:25 | INFO | Dataframe summary | fll_cwt_kf
2026-05-10 18:41:25 | INFO |   - rows: 45468
2026-05-10 18:41:25 | INFO |   - columns: 2
2026-05-10 18:41:25 | INFO |   - col_names: time, fll_cwt_kf
2026-05-10 18:41:25 | INFO |   - start_time: 2021-02-01 01:00:00
2026-05-10 18:41:25 | INFO |   - latest_time: 2026-05-10 09:00:00
2026-05-10 18:41:25 | INFO |   - missing_time: 0
2026-05-10 18:41:25 | INFO |   - fll_cwt_kf_min: 0.5733510763674532
2026-05-10 18:41:25 | INFO |   - fll_cwt_kf_max: 24.595199421106354
2026-05-10 18:41:25 | INFO |   - fll_cwt_kf_na: 0
2026-05-10 18:41:25 | INFO | Smoothing fsl_normal -> fsl_cwt_kf | cache=/Users/zhoutianlian/Documents/MyGitHub/WTRCodeHub/BTC-LPTM-FeatureEngineering/liq_dataflow/data/cache/fsl_cwt.csv | latest_cached_time=2026-05-10 06:00:00
2026-05-10 18:41:27 | INFO | Dataframe summary | fsl_cwt_kf
2026-05-10 18:41:27 | INFO |   - rows: 45468
2026-05-10 18:41:27 | INFO |   - columns: 2
2026-05-10 18:41:27 | INFO |   - col_names: time, fsl_cwt_kf
2026-05-10 18:41:27 | INFO |   - start_time: 2021-02-01 01:00:00
2026-05-10 18:41:27 | INFO |   - latest_time: 2026-05-10 09:00:00
2026-05-10 18:41:27 | INFO |   - missing_time: 0
2026-05-10 18:41:27 | INFO |   - fsl_cwt_kf_min: 0.47654435231124537
2026-05-10 18:41:27 | INFO |   - fsl_cwt_kf_max: 21.189615946523258
2026-05-10 18:41:27 | INFO |   - fsl_cwt_kf_na: 0
2026-05-10 18:41:28 | INFO | Saved canonical liquidation family to /Users/zhoutianlian/Documents/MyGitHub/WTRCodeHub/BTC-LPTM-FeatureEngineering/liq_dataflow/data/features/features_rpn.csv
2026-05-10 18:41:28 | INFO | Dataframe summary | canonical
2026-05-10 18:41:28 | INFO |   - rows: 45468
2026-05-10 18:41:28 | INFO |   - columns: 14
2026-05-10 18:41:28 | INFO |   - col_names: time, price, liq_active_raw, fll_cwt_kf, fsl_cwt_kf, risk_priority_number, lld_cwt_kf_smooth, diff_ls_cwt_kf, diff_ls_smooth, total_ls_cwt_kf, diff_dom_ls_cwt_kf, corr_case ...
2026-05-10 18:41:28 | INFO |   - start_time: 2021-02-01 01:00:00
2026-05-10 18:41:28 | INFO |   - latest_time: 2026-05-10 09:00:00
2026-05-10 18:41:28 | INFO |   - missing_time: 0
2026-05-10 18:41:28 | INFO |   - fll_cwt_kf_min: 0.5733510763674532
2026-05-10 18:41:28 | INFO |   - fll_cwt_kf_max: 24.595199421106354
2026-05-10 18:41:28 | INFO |   - fll_cwt_kf_na: 0
2026-05-10 18:41:28 | INFO |   - fsl_cwt_kf_min: 0.47654435231124537
2026-05-10 18:41:28 | INFO |   - fsl_cwt_kf_max: 21.189615946523258
2026-05-10 18:41:28 | INFO |   - fsl_cwt_kf_na: 0
2026-05-10 18:41:28 | INFO |   - total_ls_cwt_kf_min: 1.0498954286786986
2026-05-10 18:41:28 | INFO |   - total_ls_cwt_kf_max: 44.84558558838524
2026-05-10 18:41:28 | INFO |   - total_ls_cwt_kf_na: 0
2026-05-10 18:41:28 | INFO |   - risk_priority_number_min: 0.21217955415745327
2026-05-10 18:41:28 | INFO |   - risk_priority_number_max: 0.8534669414996512
2026-05-10 18:41:28 | INFO |   - risk_priority_number_na: 0
2026-05-10 18:41:28 | INFO | Stage completed | canonical | elapsed_sec=5.0615
2026-05-10 18:41:28 | INFO | ================ BINNING ================
2026-05-10 18:41:30 | INFO | Binning summary
2026-05-10 18:41:30 | INFO |   - latest_bin: 2
2026-05-10 18:41:30 | INFO |   - bin_counts: {0: 8230, 1: 5309, 2: 4009, 3: 3663, 4: 3625, 5: 4031, 6: 4377, 7: 4847, 8: 7377}
2026-05-10 18:41:31 | INFO | Dominance summary
2026-05-10 18:41:31 | INFO |   - dominance_counts: {-1: 8423, 0: 27363, 1: 9682}
2026-05-10 18:41:31 | INFO |   - hit_ceiling_bottom_events: 386
2026-05-10 18:41:31 | INFO |   - reverse_ceiling_bottom_events: 64
2026-05-10 18:41:31 | INFO | Stage completed | dominance | elapsed_sec=3.4835
2026-05-10 18:41:31 | INFO | ================ FINAL FEATURES ================
2026-05-10 18:41:31 | INFO | Saved merged liq_dataflow feature export to /Users/zhoutianlian/Documents/MyGitHub/WTRCodeHub/BTC-LPTM-FeatureEngineering/liq_dataflow/data/features/features_liq_dataflow.csv
2026-05-10 18:41:31 | INFO | Final feature summary
2026-05-10 18:41:31 | INFO |   - fll_cwt_kf: 2.9852594159767203
2026-05-10 18:41:31 | INFO |   - fsl_cwt_kf: 3.129087494709737
2026-05-10 18:41:31 | INFO |   - diff_ls_cwt_kf: -0.14382807873301662
2026-05-10 18:41:31 | INFO |   - total_ls_cwt_kf: 6.114346910686457
2026-05-10 18:41:31 | INFO |   - risk_priority_number: 0.4882384757656934
2026-05-10 18:41:31 | INFO |   - bin_index: 2
2026-05-10 18:41:31 | INFO |   - dominance: 0
2026-05-10 18:41:31 | INFO |   - diff_dom_ls_cwt_kf: -0.02352304846844968
2026-05-10 18:41:31 | INFO |   - z_logTotalP: -0.85126536388529
2026-05-10 18:41:31 | INFO |   - z_sdom: -0.5684848900923618
2026-05-10 18:41:31 | INFO |   - z_fll_cwt_kf: -0.7401049062094885
2026-05-10 18:41:31 | INFO |   - z_fsl_cwt_kf: -1.0476473165861067
2026-05-10 18:41:31 | INFO |   - z_logTotalP_nan_pct: 0.0836
2026-05-10 18:41:31 | INFO |   - z_sdom_nan_pct: 0.0836
2026-05-10 18:41:31 | INFO |   - z_fll_cwt_kf_nan_pct: 0.0836
2026-05-10 18:41:31 | INFO |   - z_fsl_cwt_kf_nan_pct: 0.0836
2026-05-10 18:41:32 | INFO | Saved feature store to /Users/zhoutianlian/Documents/MyGitHub/WTRCodeHub/BTC-LPTM-FeatureEngineering/liq_dataflow/data/features/feature_store.csv
2026-05-10 18:41:32 | INFO | Dataframe summary | feature_store
2026-05-10 18:41:32 | INFO |   - rows: 45468
2026-05-10 18:41:32 | INFO |   - columns: 49
2026-05-10 18:41:32 | INFO |   - col_names: time, price, fll_normal, fsl_normal, total_ls_normal, diff_ls_normal, lld_normal, diff_dom_ls_normal, liq_active_raw, fll_cwt_kf, fsl_cwt_kf, risk_priority_number ...
2026-05-10 18:41:32 | INFO |   - start_time: 2021-02-01 01:00:00
2026-05-10 18:41:32 | INFO |   - latest_time: 2026-05-10 09:00:00
2026-05-10 18:41:32 | INFO |   - missing_time: 0
2026-05-10 18:41:32 | INFO | Stage completed | final_features_and_store | elapsed_sec=1.1444
2026-05-10 18:41:32 | INFO | ================ VISUALIZATION ================
2026-05-10 18:41:32 | INFO | Generating specialized dashboards.
2026-05-10 18:41:45 | INFO | Generating feature portal pages.
2026-05-10 18:41:47 | INFO | Visualization artifacts written under /Users/zhoutianlian/Documents/MyGitHub/WTRCodeHub/BTC-LPTM-FeatureEngineering/liq_dataflow/data/report
2026-05-10 18:41:47 | INFO | Stage completed | visualization | elapsed_sec=15.0631
2026-05-10 18:41:47 | INFO | Stage completed | validation | elapsed_sec=0.0069
2026-05-10 18:41:47 | INFO | Run artifacts recorded at /Users/zhoutianlian/Documents/MyGitHub/WTRCodeHub/BTC-LPTM-FeatureEngineering/liq_dataflow/logs/runs/20260510T104122Z
2026-05-10 18:41:47 | INFO | Feature engineering pipeline completed successfully.
