2026-04-29 16:59:43 | INFO | ================ DOWNLOAD CONFIG ================
2026-04-29 16:59:43 | INFO | Project
2026-04-29 16:59:43 | INFO |   - project_name: BTC Glassnode Raw Data Download
2026-04-29 16:59:43 | INFO |   - base_url: https://api.glassnode.com/v1
2026-04-29 16:59:43 | INFO |   - requests_per_minute: 10
2026-04-29 16:59:43 | INFO |   - api_key_present: True
2026-04-29 16:59:43 | INFO |   - datasets_configured: 3
2026-04-29 16:59:43 | INFO | ================ DATASET | btc_ohlc_10m ================
2026-04-29 16:59:43 | INFO | Dataset spec
2026-04-29 16:59:43 | INFO |   - asset: BTC
2026-04-29 16:59:43 | INFO |   - interval: 10m
2026-04-29 16:59:43 | INFO |   - output_csv: data/raw/intraday/ohlc.csv
2026-04-29 16:59:43 | INFO |   - join: inner
2026-04-29 16:59:43 | INFO |   - start_time: 2021-02-01T00:00:00Z
2026-04-29 16:59:43 | INFO |   - lookback_days: None
2026-04-29 16:59:43 | INFO |   - metrics: open, high, low, close
2026-04-29 16:59:43 | INFO | Requesting Glassnode endpoint=metrics/market/price_usd_ohlc_v2 params={'a': 'BTC', 'i': '10m', 'u': 1777453183, 'timestamp_format': 'unix', 's': 1612137600, 'api_key': '***'}
2026-04-29 16:59:46 | ERROR | Download pipeline failed: 404 Client Error: Not Found for url: https://api.glassnode.com/v1/metrics/market/price_usd_ohlc_v2?a=BTC&i=10m&u=1777453183&timestamp_format=unix&s=1612137600&api_key=***
2026-04-29 16:59:46 | ERROR | Traceback (most recent call last):
  File "/Users/zhoutianlian/Documents/MyGitHub/WTRCodeHub/BTC-LPTM-FeatureEngineering/liq_data_download/pipeline.py", line 210, in run
    frame, meta = self._download_dataset(dataset)
                  ^^^^^^^^^^^^^^^^^^^^^^^^^^^^^^^
  File "/Users/zhoutianlian/Documents/MyGitHub/WTRCodeHub/BTC-LPTM-FeatureEngineering/liq_data_download/pipeline.py", line 69, in _download_dataset
    frame = self.client.get_series(metric.endpoint, params, value_name=metric.value_name, value_fields=metric.value_fields)
            ^^^^^^^^^^^^^^^^^^^^^^^^^^^^^^^^^^^^^^^^^^^^^^^^^^^^^^^^^^^^^^^^^^^^^^^^^^^^^^^^^^^^^^^^^^^^^^^^^^^^^^^^^^^^^^^
  File "/Users/zhoutianlian/Documents/MyGitHub/WTRCodeHub/BTC-LPTM-FeatureEngineering/liq_data_download/glassnode_client.py", line 79, in get_series
    payload = self.request_json(endpoint, params)
              ^^^^^^^^^^^^^^^^^^^^^^^^^^^^^^^^^^^
  File "/Users/zhoutianlian/Documents/MyGitHub/WTRCodeHub/BTC-LPTM-FeatureEngineering/liq_data_download/glassnode_client.py", line 64, in request_json
    response.raise_for_status()
  File "/Users/zhoutianlian/anaconda3/lib/python3.11/site-packages/requests/models.py", line 1021, in raise_for_status
    raise HTTPError(http_error_msg, response=self)
requests.exceptions.HTTPError: 404 Client Error: Not Found for url: https://api.glassnode.com/v1/metrics/market/price_usd_ohlc_v2?a=BTC&i=10m&u=1777453183&timestamp_format=unix&s=1612137600&api_key=***

