2026-04-29 17:03:13 | INFO | ================ DOWNLOAD CONFIG ================
2026-04-29 17:03:13 | INFO | Project
2026-04-29 17:03:13 | INFO |   - project_name: BTC Glassnode Raw Data Download
2026-04-29 17:03:13 | INFO |   - base_url: https://api.glassnode.com/v1
2026-04-29 17:03:13 | INFO |   - requests_per_minute: 10
2026-04-29 17:03:13 | INFO |   - api_key_present: True
2026-04-29 17:03:13 | INFO |   - datasets_configured: 3
2026-04-29 17:03:13 | INFO | ================ DATASET | btc_ohlc_10m ================
2026-04-29 17:03:13 | INFO | Dataset spec
2026-04-29 17:03:13 | INFO |   - asset: BTC
2026-04-29 17:03:13 | INFO |   - interval: 10m
2026-04-29 17:03:13 | INFO |   - output_csv: data/raw/intraday/ohlc.csv
2026-04-29 17:03:13 | INFO |   - join: inner
2026-04-29 17:03:13 | INFO |   - start_time: 2021-02-01T00:00:00Z
2026-04-29 17:03:13 | INFO |   - lookback_days: None
2026-04-29 17:03:13 | INFO |   - metrics: open, high, low, close
2026-04-29 17:03:13 | INFO | Requesting Glassnode endpoint=metrics/market/price_usd_ohlc params={'a': 'BTC', 'i': '10m', 'u': 1777453393, 'timestamp_format': 'unix', 's': 1612137600, 'api_key': '***'}
2026-04-29 17:03:37 | INFO | Received endpoint=metrics/market/price_usd_ohlc rows=275,526
2026-04-29 17:03:37 | ERROR | Download pipeline failed: Response missing t/v columns for endpoint=metrics/market/price_usd_ohlc
2026-04-29 17:03:37 | ERROR | Traceback (most recent call last):
  File "/Users/zhoutianlian/Documents/MyGitHub/WTRCodeHub/BTC-LPTM-FeatureEngineering/liq_data_download/pipeline.py", line 210, in run
    frame, meta = self._download_dataset(dataset)
                  ^^^^^^^^^^^^^^^^^^^^^^^^^^^^^^^
  File "/Users/zhoutianlian/Documents/MyGitHub/WTRCodeHub/BTC-LPTM-FeatureEngineering/liq_data_download/pipeline.py", line 69, in _download_dataset
    frame = self.client.get_series(metric.endpoint, params, value_name=metric.value_name, value_fields=metric.value_fields)
            ^^^^^^^^^^^^^^^^^^^^^^^^^^^^^^^^^^^^^^^^^^^^^^^^^^^^^^^^^^^^^^^^^^^^^^^^^^^^^^^^^^^^^^^^^^^^^^^^^^^^^^^^^^^^^^^
  File "/Users/zhoutianlian/Documents/MyGitHub/WTRCodeHub/BTC-LPTM-FeatureEngineering/liq_data_download/glassnode_client.py", line 97, in get_series
    raise DataDownloadError(f"Response missing t/v columns for endpoint={endpoint}")
liq_data_download.glassnode_client.DataDownloadError: Response missing t/v columns for endpoint=metrics/market/price_usd_ohlc

