2026-05-12 11:28:44 | INFO | ================ DOWNLOAD CONFIG ================
2026-05-12 11:28:44 | INFO | Project
2026-05-12 11:28:44 | INFO |   - project_name: BTC Glassnode Raw Data Download
2026-05-12 11:28:44 | INFO |   - base_url: https://api.glassnode.com/v1
2026-05-12 11:28:44 | INFO |   - requests_per_minute: 10
2026-05-12 11:28:44 | INFO |   - api_key_present: True
2026-05-12 11:28:44 | INFO |   - datasets_configured: 3
2026-05-12 11:28:44 | INFO | ================ DATASET | hourly_liquidation_bundle ================
2026-05-12 11:28:44 | INFO | Dataset spec
2026-05-12 11:28:44 | INFO |   - asset: BTC
2026-05-12 11:28:44 | INFO |   - interval: 1h
2026-05-12 11:28:44 | INFO |   - output_csv: data/raw/hourly/BTC_price_lld.csv
2026-05-12 11:28:44 | INFO |   - join: inner
2026-05-12 11:28:44 | INFO |   - start_time: 2021-02-01T00:00:00Z
2026-05-12 11:28:44 | INFO |   - lookback_days: None
2026-05-12 11:28:44 | INFO |   - metrics: price, futures_long_liquidations, futures_short_liquidations
2026-05-12 11:28:44 | INFO | Requesting Glassnode endpoint=metrics/market/price_usd_close params={'a': 'BTC', 'i': '1h', 'u': 1778556524, 'timestamp_format': 'unix', 's': 1612137600, 'api_key': '***'}
2026-05-12 11:28:48 | INFO | Received endpoint=metrics/market/price_usd_close rows=46,227
2026-05-12 11:28:48 | INFO | Metric download summary | hourly_liquidation_bundle::price
2026-05-12 11:28:48 | INFO |   - dataset: hourly_liquidation_bundle
2026-05-12 11:28:48 | INFO |   - metric: price
2026-05-12 11:28:48 | INFO |   - columns: price
2026-05-12 11:28:48 | INFO |   - endpoint: metrics/market/price_usd_close
2026-05-12 11:28:48 | INFO |   - rows: 46227
2026-05-12 11:28:48 | INFO |   - start_time: 2021-02-01 00:00:00
2026-05-12 11:28:48 | INFO |   - latest_time: 2026-05-12 02:00:00
2026-05-12 11:28:48 | INFO |   - missing_bars: 0
2026-05-12 11:28:48 | INFO |   - missing_ratio_pct: 0.0
2026-05-12 11:28:48 | INFO |   - stale_hours: 1.48
2026-05-12 11:28:48 | INFO | Requesting Glassnode endpoint=metrics/derivatives/futures_liquidated_volume_long_sum params={'a': 'BTC', 'i': '1h', 'u': 1778556524, 'timestamp_format': 'unix', 's': 1612137600, 'api_key': '***'}
2026-05-12 11:29:00 | INFO | Received endpoint=metrics/derivatives/futures_liquidated_volume_long_sum rows=46,227
2026-05-12 11:29:00 | INFO | Metric download summary | hourly_liquidation_bundle::futures_long_liquidations
2026-05-12 11:29:00 | INFO |   - dataset: hourly_liquidation_bundle
2026-05-12 11:29:00 | INFO |   - metric: futures_long_liquidations
2026-05-12 11:29:00 | INFO |   - columns: futures_long_liquidations
2026-05-12 11:29:00 | INFO |   - endpoint: metrics/derivatives/futures_liquidated_volume_long_sum
2026-05-12 11:29:00 | INFO |   - rows: 46227
2026-05-12 11:29:00 | INFO |   - start_time: 2021-02-01 00:00:00
2026-05-12 11:29:00 | INFO |   - latest_time: 2026-05-12 02:00:00
2026-05-12 11:29:00 | INFO |   - missing_bars: 0
2026-05-12 11:29:00 | INFO |   - missing_ratio_pct: 0.0
2026-05-12 11:29:00 | INFO |   - stale_hours: 1.484
2026-05-12 11:29:00 | INFO | Requesting Glassnode endpoint=metrics/derivatives/futures_liquidated_volume_short_sum params={'a': 'BTC', 'i': '1h', 'u': 1778556524, 'timestamp_format': 'unix', 's': 1612137600, 'api_key': '***'}
2026-05-12 11:29:12 | INFO | Received endpoint=metrics/derivatives/futures_liquidated_volume_short_sum rows=46,227
2026-05-12 11:29:12 | INFO | Metric download summary | hourly_liquidation_bundle::futures_short_liquidations
2026-05-12 11:29:12 | INFO |   - dataset: hourly_liquidation_bundle
2026-05-12 11:29:12 | INFO |   - metric: futures_short_liquidations
2026-05-12 11:29:12 | INFO |   - columns: futures_short_liquidations
2026-05-12 11:29:12 | INFO |   - endpoint: metrics/derivatives/futures_liquidated_volume_short_sum
2026-05-12 11:29:12 | INFO |   - rows: 46227
2026-05-12 11:29:12 | INFO |   - start_time: 2021-02-01 00:00:00
2026-05-12 11:29:12 | INFO |   - latest_time: 2026-05-12 02:00:00
2026-05-12 11:29:12 | INFO |   - missing_bars: 0
2026-05-12 11:29:12 | INFO |   - missing_ratio_pct: 0.0
2026-05-12 11:29:12 | INFO |   - stale_hours: 1.487
2026-05-12 11:29:12 | INFO | Saved dataset hourly_liquidation_bundle -> /Users/zhoutianlian/Documents/MyGitHub/WTRCodeHub/BTC-LPTM-FeatureEngineering/liq_data_download/data/raw/hourly/BTC_price_lld.csv
2026-05-12 11:29:12 | INFO | Saved metric health report -> /Users/zhoutianlian/Documents/MyGitHub/WTRCodeHub/BTC-LPTM-FeatureEngineering/liq_data_download/data/manifests/hourly_liquidation_bundle_metric_health.csv
2026-05-12 11:29:12 | INFO | ================ DATASET | btc_price_10m ================
2026-05-12 11:29:12 | INFO | Dataset spec
2026-05-12 11:29:12 | INFO |   - asset: BTC
2026-05-12 11:29:12 | INFO |   - interval: 10m
2026-05-12 11:29:12 | INFO |   - output_csv: data/raw/intraday/BTC_price_10m.csv
2026-05-12 11:29:12 | INFO |   - join: inner
2026-05-12 11:29:12 | INFO |   - start_time: 2021-02-01T00:00:00Z
2026-05-12 11:29:12 | INFO |   - lookback_days: None
2026-05-12 11:29:12 | INFO |   - metrics: price
2026-05-12 11:29:12 | INFO | Requesting Glassnode endpoint=metrics/market/price_usd_close params={'a': 'BTC', 'i': '10m', 'u': 1778556552, 'timestamp_format': 'unix', 's': 1612137600, 'api_key': '***'}
2026-05-12 11:29:23 | ERROR | Download pipeline failed: Glassnode request failed endpoint=metrics/market/price_usd_close error=SSLError: HTTPSConnectionPool(host='api.glassnode.com', port=443): Max retries exceeded with url: /v1/metrics/market/price_usd_close?a=BTC&i=10m&u=1778556552&timestamp_format=unix&s=1612137600&api_key=*** (Caused by SSLError(SSLEOFError(8, '[SSL: UNEXPECTED_EOF_WHILE_READING] EOF occurred in violation of protocol (_ssl.c:1006)'))) url=https://api.glassnode.com/v1/metrics/market/price_usd_close?a=BTC&i=10m&u=1778556552&timestamp_format=unix&s=1612137600&api_key=***
2026-05-12 11:29:23 | ERROR | Traceback (most recent call last):
  File "/Users/zhoutianlian/Documents/MyGitHub/WTRCodeHub/BTC-LPTM-FeatureEngineering/liq_data_download/pipeline.py", line 210, in run
    frame, meta = self._download_dataset(dataset)
                  ^^^^^^^^^^^^^^^^^^^^^^^^^^^^^^^
  File "/Users/zhoutianlian/Documents/MyGitHub/WTRCodeHub/BTC-LPTM-FeatureEngineering/liq_data_download/pipeline.py", line 69, in _download_dataset
    frame = self.client.get_series(metric.endpoint, params, value_name=metric.value_name, value_fields=metric.value_fields)
            ^^^^^^^^^^^^^^^^^^^^^^^^^^^^^^^^^^^^^^^^^^^^^^^^^^^^^^^^^^^^^^^^^^^^^^^^^^^^^^^^^^^^^^^^^^^^^^^^^^^^^^^^^^^^^^^
  File "/Users/zhoutianlian/Documents/MyGitHub/WTRCodeHub/BTC-LPTM-FeatureEngineering/liq_data_download/glassnode_client.py", line 92, in get_series
    payload = self.request_json(endpoint, params)
              ^^^^^^^^^^^^^^^^^^^^^^^^^^^^^^^^^^^
  File "/Users/zhoutianlian/Documents/MyGitHub/WTRCodeHub/BTC-LPTM-FeatureEngineering/liq_data_download/glassnode_client.py", line 69, in request_json
    raise DataDownloadError(
liq_data_download.glassnode_client.DataDownloadError: Glassnode request failed endpoint=metrics/market/price_usd_close error=SSLError: HTTPSConnectionPool(host='api.glassnode.com', port=443): Max retries exceeded with url: /v1/metrics/market/price_usd_close?a=BTC&i=10m&u=1778556552&timestamp_format=unix&s=1612137600&api_key=*** (Caused by SSLError(SSLEOFError(8, '[SSL: UNEXPECTED_EOF_WHILE_READING] EOF occurred in violation of protocol (_ssl.c:1006)'))) url=https://api.glassnode.com/v1/metrics/market/price_usd_close?a=BTC&i=10m&u=1778556552&timestamp_format=unix&s=1612137600&api_key=***

